{
  "0 debug pnpm:scope": {
    "selected": 1
  },
  "1 error pnpm": {
    "errno": 1,
    "code": "ELIFECYCLE",
    "pkgid": "resume@1.0.0",
    "stage": "one",
    "script": "git add . && git commit -m \"update\" && git push origin HEAD:gh-pages",
    "pkgname": "resume",
    "err": {
      "name": "pnpm",
      "message": "resume@1.0.0 one: `git add . && git commit -m \"update\" && git push origin HEAD:gh-pages`\nExit status 1",
      "code": "ELIFECYCLE",
      "stack": "pnpm: resume@1.0.0 one: `git add . && git commit -m \"update\" && git push origin HEAD:gh-pages`\nExit status 1\n    at EventEmitter.<anonymous> (/usr/lib/node_modules/pnpm/dist/pnpm.cjs:105794:20)\n    at EventEmitter.emit (events.js:400:28)\n    at ChildProcess.<anonymous> (/usr/lib/node_modules/pnpm/dist/pnpm.cjs:92355:18)\n    at ChildProcess.emit (events.js:400:28)\n    at maybeClose (internal/child_process.js:1058:16)\n    at Process.ChildProcess._handle.onexit (internal/child_process.js:293:5)"
    }
  },
  "2 warn pnpm:global": " Local package.json exists, but node_modules missing, did you mean to install?"
}